Setting up watches.
Watches established.
mv: tiedoston ‚Äù/home/fuksi/Dev/LinuxFundamentals2016/Week5/hipstafy-dropbox/*.jpg‚Äù tilaa ei voi lukea: Tiedostoa tai hakemistoa ei ole
mv: tiedoston ‚Äù/home/fuksi/Dev/LinuxFundammv: tiedoston ‚Äù/home/fuksi/Dev/LinuxFundamentals2016/Week5/hipstafy-dropbox/sauna.jpg‚Äù tilaa ei voi lukea: Tiedostoa tai hakemistoa ei ole
mv: tiedoston ‚Äù/home/fuksi/Dev/LinuxFundamentals2016/Week5/hipstafy-dropbox/watch-your-thoughts__62381.1429316292.400.650.jpg‚Äù tilaa ei voi lukea: Tiedostoa tai hakemistoa ei ole
mv: tiedoston ‚Äù/home/fuksi/Dev/LinuxFundamentals2016/Week5/hipstafy-dropbox/watch-your-thoughts__62381.1429316292.400.650.jpg‚Äù tilaa ei voi lukea: Tiedostoa tai hakemistoa ei ole
mv: tiedostoa ‚Äù/home/fuksi/Dev/LinuxFundamentals2016/Week5/hipstafy-dropbox/watch-your-thoughts__62381.1429316292.400.650.jpg‚Äù ei voi siirt√§√§ kohteeseen ‚Äùhipstafy-dropbox/to_be_hipstafied/watch-your-thoughts__62381.1429316292.400.650.jpg‚Äù: Tiedostoa tai hakemistoa ei ole
mv: tiedoston ‚Äù/home/fuksi/Dev/LinuxFundamentals2016/Week5/hipstafy-dropbox/*.jpg‚Äù tilaa ei voi lukea: Tiedostoa tai hakemistoa ei ole
mv: tiedoston ‚Äù/home/fuksi/Dev/LinuxFundamentals2016/Week5/hipstafy-dropbox/*.jpg‚Äù tilaa ei voi lukea: Tiedostoa tai hakemistoa ei ole
mv: tiedoston ‚Äù/home/fuksi/Dev/LinuxFundamentals2016/Week5/hipstafy-dropbox/watch-your-thoughts__62381.1429316292.400.650.jpg‚Äù tilaa ei voi lukea: Tiedostoa tai hakemistoa ei ole
mv: tiedoston ‚Äù/home/fuksi/Dev/LinuxFundamentals2016/Week5/hipstafy-dropbox/watch-your-thoughts__62381.1429316292.400.650.jpg‚Äù tilaa ei voi lukea: Tiedostoa tai hakemistoa ei ole
mv: tiedoston ‚Äù/home/fuksi/Dev/LinuxFundamentals2016/Week5/hipstafy-dropbox/*.jpg‚Äù tilaa ei voi lukea: Tiedostoa tai hakemistoa ei ole
pstafied/*-hipstah.jpg‚Äù tilaa ei voi lukea: Tiedostoa tai hakemistoa ei ole
mv: tiedoston ‚Äù/home/fuksi/Dev/LinuxFundamentals2016/Week5/hipstafy-dropbox/watch-your-thoughts__62381.1429316292.400.650.jpg‚Äù tilaa ei voi lukea: Tiedostoa tai hakemistoa ei ole
mv: tiedoston ‚Äù/home/fuksi/Dev/LinuxFundammv: tiedoston ‚Äù/home/fuksi/Dev/LinuxFundamentals2016/Week5/hipstafy-dropbox/watch-your-thoughts__62381.1429316292.400.650.jpg‚Äù tilaa ei voi lukea: Tiedostoa tai hakemistoa ei ole
mv: tiedoston ‚Äù/home/fuksi/Dev/LinuxFundamentals2016/Week5/hipstafy-dropbox/to_be_hipstafied/*-hipstah.jpg‚Äù tilaa ei voi lukea: Tiedostoa tai hakemistoa ei ole
mv: tiedoston ‚Äù/home/fuksi/Dev/LinuxFundamentals2016/Week5/hipstafy-dropbox/*.jpg‚Äù tilaa ei voi lukea: Tiedostoa tai hakemistoa ei ole
ome/fuksi/Dev/LinuxFundamentals2016/Week5/hipstafy-dropbox/*.jpg‚Äùmv: tiedoston ‚Äù/home/fuksi/Dev/LinuxFundamentals2016/Week5/hipstafy-dropbox/*.jpg‚Äù tilaa ei voi lukea: Tiedostoa tai hmv: tiedoston ‚Äùmv: tiedoston ‚Äù/home/fuksi/Dev/LinuxFundamentals2016/Week5/hipstafy-dropbox/to_be_hipstafied/*-hipstah.jpg‚Äù tilaa ei vmv: tiedoston ‚Äù/home/fuksi/Dev/LinuxFundamentals2016/Week5/hipstafy-dropbox/to_be_hipstafied/*-hipstah.jpg‚Äù tilaa ei voi lukea: Tiedostoa tai hakemistoa ei ole
381.1429316292.400.650.jpg‚Äù tilaa ei voi lukea: Tiedostoa tai hakemistoa ei ole
mv: tiedoston ‚Äù/home/fuksi/Dev/LinuxFundamentals2016/Week5/hipstafy-dropbox/*.jpg‚Äù tilaa ei voi lukea: Tiedostoa tai hakemistoa ei ole
mv: tiedoston ‚Äù/home/fuksi/Dev/LinuxFundamentals2016/Week5/hipstafy-dropbox/to_be_hipstafied/*-hipstah.jpg‚Äù tilaa ei voi lukea: Tiedostoa tai hakemistoa ei ole
ù tilaa ei voi lukea: Tiedostoa tai hakemistoa ei ole
mv: tiedoston ‚Äù/home/fuksi/Dev/LinuxFundamentals2016/Week5/hipstafy-dropbox/to_be_hipstafied/*-hipstah.jpg‚Äù tilaa ei voi lukea: Tiedostoa tai hakemistoa ei ole
eek5/hipstafy-dropbox/to_be_hipstafied/*-hipstah.jpg‚Äù tilaa ei voi lukea: Tiedostoa tai hakemistoa ei ole
Setting up watches.
Watches established.
mv: tiedoston ‚Äù/home/fuksi/Dev/LinuxFundamentals2016/Week5/hipstafy-dropbox/watch-your-thoughts__62381.1429316292.400.650.jpg‚Äù tilaa ei voi lukeamv: tiedoston ‚Äù/home/fuksi/Dev/LinuxFundamentals2016/Week5/hipstafy-dropbox/watch-your-thoughts__62381.1429316292.400.650.jpg‚Äù tilaa ei voi lukea: Tiedostoa tai hakemistoa ei ole
mv: tiedoston ‚Äù/home/fuksi/Dev/LinuxFundamentals2016/Week5/hipstafy-dropbox/watch-your-thoughts__62381.1429316292.400.650.jpg‚Äù tilaa ei voi lukea: Tiedostoa tai hakemistoa ei ole
: Tiedostoa tai hakemistoa ei ole
mv: tiedoston ‚Äù/home/fuksi/Dev/LinuxFundamentals2016/Week5/hipstafy-dropbox/*.jpg‚Äù tilaa ei voi lukea: Tiedostoa tai hakemistoa ei ole
mv: tiedoston ‚Äù/home/fuksi/Dev/LinuxFundamentals2016/Week5/hipstafy-dropbox/to_be_hipstafied/*-hipstah.jpg‚Äù tilaa ei voi lukea: Tiedostoa tai hakemistoa ei ole
Setting up watches.
Watches established.
./hipstafy-wait.sh: rivi 9: -f: komentoa ei l√∂ydy
mv: tiedoston ‚Äù/home/fuksi/Dev/LinuxFundamentals2016/Week5/hipstafy-dropbox/watch-your-thoughts__62381.1429316292.400.650.jpg‚Äù tilaa ei voi lukea: Tiedostoa tai hakemistoa ei ole
mv: tiedostoa ‚Äù/home/fuksi/Dev/LinuxFundamentals2016/Week5/hipstafy-dropbox/watch-your-thoughts__62381.1429316292.400.650.jpg‚Äù ei voi siirt√§√§ kohteeseen ‚Äùhipstafy-dropbox/to_be_hipstafied/watch-your-thoughts__62381.1429316292.400.650.jpg‚Äù: Tiedostoa tai hakemistoa ei ole
mv: tiedoston ‚Äù/home/fuksi/Dev/LinuxFundamentals2016/Week5/hipstafy-dropbox/*.jpg‚Äù tilaa ei voi lukea: Tiedostoa tai hakemistoa ei ole
mv: tiedoston ‚Äù/home/fuksi/Dev/LinuxFundamentals2016/Week5/hipstafy-dropbox/*.jpg‚Äù tilaa ei voi lukea: Tiedostoa tai hakemistoa ei ole
mv: mv: tiedoston ‚Äù/home/fuksi/Dev/LinuxFundamentals2016/Week5/hipstafy-dropbox/*.jpg‚Äù tilaa ei voi lukeatiedoston ‚Äù/home/fuksi/Dev/LinuxFundamentals2016/Week5/hipstafy-dropbox/watch-your-thoughts__62381.1429316292.400.650.jpg‚Äù tilaa ei voi lukea: Tiedostoa tai hakemistoa ei ole: Tiedostoa tai hakemistoa ei ole

mv: tiedoston ‚Äù/home/fuksi/Dev/LinuxFundamentals2016/Week5/hipstafy-dropbox/to_be_hipstafied/*-hipstah.jpg‚Äù tilaa ei voi lukea: Tiedostoa tai hakemistoa ei ole
mv: tiedoston ‚Äù/home/fuksi/Dev/LinuxFundamentals2016/Week5/hipstafy-dropbox/to_be_hipstafied/*-hipstah.jpg‚Äù tilaa ei voi lukea: Tiedostoa tai hakemistoa ei ole
mv: tiedoston ‚Äù/home/fuksi/Dev/LinuxFundamentals2016/Week5/hipstafy-dropbox/to_be_hipstafied/*-hipstah.jpg‚Äù tilaa ei voi lukea: Tiedostoa tai hakemistoa ei ole
mv: tiedoston ‚Äù/home/fuksi/Dev/LinuxFundamentals2016/Week5/hipstafy-dropbox/to_be_hipstafied/*-hipstah.jpg‚Äù tilaa ei voi lukea: Tiedostoa tai hakemistoa ei ole
Setting up watches.
Watches established.
./hipstafy-wait.sh: rivi 9: -f: komentoa ei l√∂ydy
./hipstafy-wait.sh: rivi 9: -f: komentoa ei l√∂ydy
mv: tiedoston ‚Äù/home/fuksi/Dev/LinuxFundamentals2016/Week5/hipstafy-dropbox/watch-your-thoughts__62381.1429316292.400.650.jpg‚Äù tilaa ei voi lukea: Tiedostoa tai hakemistoa ei ole
mv: tiedoston ‚Äù/home/fuksi/Dev/LinuxFundamentals2016/Week5/hipstafy-dropbox/watch-your-thoughts__62381.1429316292.400.650.jpg‚Äù tilaa ei voi lukeamv: tiedoston ‚Äù/home/fuksi/Dev/LinuxFundamentals2016/Week5/hipstafy-dropbox/*.jpg‚Äù tilaa ei voi lukea: Tiedostoa tai hakemistoa ei ole
: Tiedostoa tai hakemistoa ei ole
mv: tiedoston ‚Äù/home/fuksi/Dev/LinuxFundamentals2016/Week5/hipstafy-dropbox/watch-your-thoughts__62381.1429316292.400.650.jpg‚Äù tilaa ei voi lukea: Tiedostoa tai hakemistoa ei ole
mv: tiedoston ‚Äù/home/fuksi/Dev/LinuxFundamentals2016/Week5/hipstafy-dropbox/*.jpg‚Äù tilaa ei voi lukea: Tiedostoa tai hakemistoa ei ole
mv: tiedoston ‚Äù/home/fuksi/Dev/LinuxFundamentals2016/Week5/hipstafy-dropbox/*.jpg‚Äù tilaa ei voi lukea: Tiedostoa tai hakemistoa ei ole
mv: tiedoston ‚Äù/home/fuksi/Dev/LinuxFundamentals2016/Week5/hipstafy-dropbox/*.jpg‚Äù tilaa ei voi lukea: Tiedostoa tai hakemistoa ei ole
mv: tiedoston ‚Äù/home/fuksi/Dev/LinuxFundamentals2016/Week5/hipstafy-dropbox/to_be_hipstafied/*-hipstah.jpg‚Äù tilaa ei voi lukea: Tiedostoa tai hakemistoa ei ole
mv: tiedoston ‚Äù/home/fuksi/Dev/LinuxFundamentals2016/Week5/hipstafy-dropbox/to_be_hipstafied/*-hipstah.jpg‚Äù tilaa ei voi lukea: Tiedostoa tai hakemistoa ei ole
mv: tiedoston ‚Äù/home/fuksi/Dev/LinuxFundamentals2016/Week5/hipstafy-dropbox/to_be_hipstafied/*-hipstah.jpg‚Äù tilaa ei voi lukea: Tiedostoa tai hakemistoa ei ole
mv: tiedoston ‚Äù/home/fuksi/Dev/LinuxFundamentals2016/Week5/hipstafy-dropbox/to_be_hipstafied/*-hipstah.jpg‚Äù tilaa ei voi lukea: Tiedostoa tai hakemistoa ei ole
mv: tiedoston ‚Äù/home/fuksi/Dev/LinuxFundamentals2016/Week5/hipstafy-dropbox/to_be_hipstafied/*-hipstah.jpg‚Äù tilaa ei voi lukea: Tiedostoa tai hakemistoa ei ole
mv: tiedoston ‚Äù/home/fuksi/Dev/LinuxFundamentals2016/Week5/hipstafy-dropbox/to_be_hipstafied/*-hipstah.jpg‚Äù tilaa ei voi lukea: Tiedostoa tai hakemistoa ei ole
Setting up watches.
Watches established.
./hipstafy-wait.sh: rivi 9: -f: komentoa ei l√∂ydy
mv: tiedostoa ‚Äù/home/fuksi/Dev/LinuxFundamentals2016/Week5/hipstafy-dropbox/watch-your-thoughts__62381.1429316292.400.650.jpg‚Äù ei voi siirt√§√§ kohteeseen ‚Äùhipstafy-dropbox/to_be_hipstafied/watch-your-thoughts__62381.1429316292.400.650.jpg‚Äù: Tiedostoa tai hakemistoa ei ole
./hipstafy-wait.sh: rivi 9: hipstafy-dropbox/ CREATE watch-your-thoughts__62381.1429316292.400.650.jpg: Tiedostoa tai hakemistoa ei ole
./hipstafy-wait.sh: rivi 9: -f: komentoa ei l√∂ydy
mv: tiedoston ‚Äù/home/fuksi/Dev/LinuxFundamentals2016/Week5/hipstafy-dropbox/watch-your-thoughts__62381.1429316292.400.650.jpg‚Äù tilaa ei voi lukea: Tiedostoa tai hakemistoa ei ole
mv: tiedoston ‚Äù/home/fuksi/Dev/LinuxFundamentals2016/Week5/hipstafy-dropbox/*.jpg‚Äù tilaa ei voi lukea: Tiedostoa tai hakemistoa ei ole
mv: tiedoston ‚Äù/home/fuksi/Dev/LinuxFundamentals2016/Week5/hipstafy-dropbox/*.jpg‚Äù tilaa ei voi lukea: Tiedostoa tai hakemistoa ei ole
mv: tiedoston ‚Äù/home/fuksi/Dev/LinuxFundamentals2016/Week5/hipstafy-dropbox/*.jpg‚Äù tilaa ei voi lukea: Tiedostoa tai hakemistoa ei ole
mv: tiedoston ‚Äù/home/fuksi/Dev/LinuxFundamentals2016/Week5/hipstafy-dropbox/*.jpg‚Äù tilaa ei voi lukea: Tiedostoa tai hakemistoa ei ole
mv: tiedoston ‚Äù/home/fuksi/Dev/LinuxFundamentals2016/Week5/hipstafy-dropbox/*.jpg‚Äù tilaa ei voi lukea: Tiedostoa tai hakemistoa ei ole
mv: tiedoston ‚Äù/home/fuksi/Dev/LinuxFundamentals2016/Week5/hipstafy-dropbox/*.jpg‚Äù tilaa ei voi lukea: Tiedostoa tai hakemistoa ei ole
mv: tiedoston ‚Äù/home/fuksi/Dev/LinuxFundamentals2016/Week5/hipstafy-dropbox/to_be_hipstafied/*-hipstah.jpg‚Äù tilaa ei voi lukea: Tiedostoa tai hakemistoa ei ole
mv: tiedoston ‚Äù/home/fuksi/Dev/LinuxFundamentals2016/Week5/hipstafy-dropbox/to_be_hipstafied/*-hipstah.jpg‚Äù tilaa ei voi lukea: Tiedostoa tai hakemistoa ei ole
mv: tiedoston ‚Äù/home/fuksi/Dev/LinuxFundamentals2016/Week5/hipstafy-dropbox/to_be_hipstafied/*-hipstah.jpg‚Äù tilaa ei voi lukea: Tiedostoa tai hakemistoa ei ole
mv: tiedoston ‚Äù/home/fuksi/Dev/LinuxFundamentals2016/Week5/hipstafy-dropbox/to_be_hipstafied/*-hipstah.jpg‚Äù tilaa ei voi lukea: Tiedostoa tai hakemistoa ei ole
Setting up watches.
Watches established.
mv: tiedoston ‚Äù/home/fuksi/Dev/LinuxFundamentals2016/Week5/hipstafy-dropbox/watch-your-thoughts__62381.1429316292.400.650.jpg‚Äù tilaa ei voi lukea: Tiedostoa tai hakemistoa ei ole
mv: tiedoston ‚Äù/home/fuksi/Dev/LinuxFundamentals2016/Week5/hipstafy-dropbox/watch-your-thoughts__62381.1429316292.400.650.jpg‚Äù tilaa ei voi lukea: Tiedostoa tai hakemistoa ei ole
./hipstafy-wait.sh: rivi 9: hipstafy-dropbox/: On hakemisto
./hipstafy-wait.sh: rivi 9: -f: komentoa ei l√∂ydy
./hipstafy-wait.sh: rivi 9: -f: komentoa ei l√∂ydy
./hipstafy-wait.sh: rivi 9: hipstafy-dropbox/ CREATE watch-your-thoughts__62381.1429316292.400.650.jpg: Tiedostoa tai hakemistoa ei ole
mv: tiedoston ‚Äù/home/fuksi/Dev/LinuxFundamentals2016/Week5/hipstafy-dropbox/*.jpg‚Äù tilaa ei voi lukea: Tiedostoa tai hakemistoa ei ole
mv: tiedoston ‚Äù/home/fuksi/Dev/LinuxFundamentals2016/Week5/hipstafy-dropbox/*.jpg‚Äù tilaa ei voi lukea: Tiedostoa tai hakemistoa ei ole
mv: tiedoston ‚Äù/home/fuksi/Dev/LinuxFundamentals2016/Week5/hipstafy-dropbox/*.jpg‚Äù tilaa ei voi lukea: Tiedostoa tai hakemistoa ei ole
mv: tiedoston ‚Äù/home/fuksi/Dev/LinuxFundamentals2016/Week5/hipstafy-dropbox/*.jpg‚Äù tilaa ei voi lukea: Tiedostoa tai hakemistoa ei ole
mv: tiedoston ‚Äù/home/fuksi/Dev/LinuxFundamentals2016/Week5/hipstafy-dropbox/*.jpg‚Äù tilaa ei voi lukea: Tiedostoa tai hakemistoa ei ole
mv: tiedoston ‚Äù/home/fuksi/Dev/LinuxFundamentals2016/Week5/hipstafy-dropbox/*.jpg‚Äù tilaa ei voi lukea: Tiedostoa tai hakemistoa ei ole
mv: tiedoston ‚Äù/home/fuksi/Dev/LinuxFundamentals2016/Week5/hipstafy-dropbox/*.jpg‚Äù tilaa ei voi lukea: Tiedostoa tai hakemistoa ei ole
mv: tiedoston ‚Äù/home/fuksi/Dev/LinuxFundamentals2016/Week5/hipstafy-dropbox/to_be_hipstafied/*-hipstah.jpg‚Äù tilaa ei voi lukea: Tiedostoa tai hakemistoa ei ole
mv: tiedoston ‚Äù/home/fuksi/Dev/LinuxFundamentals2016/Week5/hipstafy-dropbox/to_be_hipstafied/*-hipstah.jpg‚Äù tilaa ei voi lukea: Tiedostoa tai hakemistoa ei ole
mv: tiedoston ‚Äù/home/fuksi/Dev/LinuxFundamentals2016/Week5/hipstafy-dropbox/to_be_hipstafied/*-hipstah.jpg‚Äù tilaa ei voi lukea: Tiedostoa tai hakemistoa ei ole
mv: tiedoston ‚Äù/home/fuksi/Dev/LinuxFundamentals2016/Week5/hipstafy-dropbox/to_be_hipstafied/*-hipstah.jpg‚Äù tilaa ei voi lukea: Tiedostoa tai hakemistoa ei ole
mv: tiedoston ‚Äù/home/fuksi/Dev/LinuxFundamentals2016/Week5/hipstafy-dropbox/to_be_hipstafied/*-hipstah.jpg‚Äù tilaa ei voi lukea: Tiedostoa tai hakemistoa ei ole
Setting up watches.
Watches established.
./hipstafy-wait.sh: rivi 9: -f: komentoa ei l√∂ydy
mv: tiedoston ‚Äù/home/fuksi/Dev/LinuxFundamentals2016/Week5/hipstafy-dropbox/*.jpg‚Äù tilaa ei voi lukea: Tiedostoa tai hakemistoa ei ole
./hipstafy-wait.sh: rivi 9: -f: komentoa ei l√∂ydy
mv: tiedoston ‚Äù/home/fuksi/Dev/LinuxFundamentals2016/Week5/hipstafy-dropbox/*.jpg‚Äù tilaa ei voi lukea: Tiedostoa tai hakemistoa ei ole
mv: tiedoston ‚Äù/home/fuksi/Dev/LinuxFundamentals2016/Week5/hipstafy-dropbox/*.jpg‚Äù tilaa ei voi lukea: Tiedostoa tai hakemistoa ei ole
mv: tiedoston ‚Äù/home/fuksi/Dev/LinuxFundamentals2016/Week5/hipstafy-dropbox/*.jpg‚Äù tilaa ei voi lukea: Tiedostoa tai hakemistoa ei ole
./hipstafy-wait.sh: rivi 9: hipstafy-dropbox/ CREATE watch-your-thoughts__62381.1429316292.400.650.jpg: Tiedostoa tai hakemistoa ei ole
./hipstafy-wait.sh: rivi 9: hipstafy-dropbox/: On hakemisto
mv: tiedoston ‚Äù/home/fuksi/Dev/LinuxFundamentals2016/Week5/hipstafy-dropbox/*.jpg‚Äù tilaa ei voi lukea: Tiedostoa tai hakemistoa ei ole
mv: tiedoston ‚Äù/home/fuksi/Dev/LinuxFundamentals2016/Week5/hipstafy-dropbox/*.jpg‚Äù tilaa ei voi lukea: Tiedostoa tai hakemistoa ei ole
mv: tiedoston ‚Äù/home/fuksi/Dev/LinuxFundamentals2016/Week5/hipstafy-dropbox/*.jpg‚Äù tilaa ei voi lukea: Tiedostoa tai hakemistoa ei ole
mv: tiedoston ‚Äù/home/fuksi/Dev/LinuxFundamentals2016/Week5/hipstafy-dropbox/*.jpg‚Äù tilaa ei voi lukea: Tiedostoa tai hakemistoa ei ole
mv: tiedoston ‚Äù/home/fuksi/Dev/LinuxFundamentals2016/Week5/hipstafy-dropbox/*.jpg‚Äù tilaa ei voi lukea: Tiedostoa tai hakemistoa ei ole
mv: tiedoston ‚Äù/home/fuksi/Dev/LinuxFundamentals2016/Week5/hipstafy-dropbox/*.jpg‚Äù tilaa ei voi lukea: Tiedostoa tai hakemistoa ei ole
mv: tiedoston ‚Äù/home/fuksi/Dev/LinuxFundamentals2016/Week5/hipstafy-dropbox/to_be_hipstafied/*-hipstah.jpg‚Äù tilaa ei voi lukea: Tiedostoa tai hakemistoa ei ole
mv: tiedoston ‚Äù/home/fuksi/Dev/LinuxFundamentals2016/Week5/hipstafy-dropbox/to_be_hipstafied/*-hipstah.jpg‚Äù tilaa ei voi lukea: Tiedostoa tai hakemistoa ei ole
mv: tiedoston ‚Äù/home/fuksi/Dev/LinuxFundamentals2016/Week5/hipstafy-dropbox/to_be_hipstafied/*-hipstah.jpg‚Äù tilaa ei voi lukea: Tiedostoa tai hakemistoa ei ole
mv: tiedoston ‚Äù/home/fuksi/Dev/LinuxFundamentals2016/Week5/hipstafy-dropbox/to_be_hipstafied/watch-your-thoughts__62381.1429316292.400.650-hipstah.jpg‚Äù tilaa ei voi lukea: Tiedostoa tai hakemistoa ei ole
mv: tiedoston ‚Äù/home/fuksi/Dev/LinuxFundamentals2016/Week5/hipstafy-dropbox/to_be_hipstafied/*-hipstah.jpg‚Äù tilaa ei voi lukea: Tiedostoa tai hakemistoa ei ole
mv: tiedoston ‚Äù/home/fuksi/Dev/LinuxFundamentals2016/Week5/hipstafy-dropbox/to_be_hipstafied/*-hipstah.jpg‚Äù tilaa ei voi lukea: Tiedostoa tai hakemistoa ei ole
Setting up watches.
Watches established.
mv: tiedoston ‚Äù/home/fuksi/Dev/LinuxFundamentals2016/Week5/hipstafy-dropbox/watch-your-thoughts__62381.1429316292.400.650.jpg‚Äù tilaa ei voi lukea: Tiedostoa tai hakemistoa ei ole
mv: tiedoston ‚Äù/home/fuksi/Dev/LinuxFundamentals2016/Week5/hipstafy-dropbox/*.jpg‚Äù tilaa ei voi lukea: Tiedostoa tai hakemistoa ei ole
./hipstafy-wait.sh: rivi 9: -f: komentoa ei l√∂ydy
mv: tiedoston ‚Äù/home/fuksi/Dev/LinuxFundamentals2016/Week5/hipstafy-dropbox/*.jpg‚Äù tilaa ei voi lukea: Tiedostoa tai hakemistoa ei ole
mv: tiedoston ‚Äù/home/fuksi/Dev/LinuxFundamentals2016/Week5/hipstafy-dropbox/*.jpg‚Äù tilaa ei voi lukea: Tiedostoa tai hakemistoa ei ole
./hipstafy-wait.sh: rivi 9: -f: komentoa ei l√∂ydy
./hipstafy-wait.sh: rivi 9: hipstafy-dropbox/ CREATE watch-your-thoughts__62381.1429316292.400.650.jpg: Tiedostoa tai hakemistoa ei ole
mv: tiedoston ‚Äù/home/fuksi/Dev/LinuxFundamentals2016/Week5/hipstafy-dropbox/*.jpg‚Äù tilaa ei voi lukea: Tiedostoa tai hakemistoa ei ole
mv: tiedoston ‚Äù/home/fuksi/Dev/LinuxFundamentals2016/Week5/hipstafy-dropbox/*.jpg‚Äù tilaa ei voi lukea: Tiedostoa tai hakemistoa ei ole
mv: tiedoston ‚Äù/home/fuksi/Dev/LinuxFundamentals2016/Week5/hipstafy-dropbox/*.jpg‚Äù tilaa ei voi lukea: Tiedostoa tai hakemistoa ei ole
mv: tiedoston ‚Äù/home/fuksi/Dev/LinuxFundamentals2016/Week5/hipstafy-dropbox/*.jpg‚Äù tilaa ei voi lukea: Tiedostoa tai hakemistoa ei ole
./hipstafy-wait.sh: rivi 9: hipstafy-dropbox/: On hakemisto
mv: tiedoston ‚Äù/home/fuksi/Dev/LinuxFundamentals2016/Week5/hipstafy-dropbox/*.jpg‚Äù tilaa ei voi lukea: Tiedostoa tai hakemistoa ei ole
mv: tiedoston ‚Äù/home/fuksi/Dev/LinuxFundamentals2016/Week5/hipstafy-dropbox/*.jpg‚Äù tilaa ei voi lukea: Tiedostoa tai hakemistoa ei ole
mv: tiedoston ‚Äù/home/fuksi/Dev/LinuxFundamentals2016/Week5/hipstafy-dropbox/*.jpg‚Äù tilaa ei voi lukea: Tiedostoa tai hakemistoa ei ole
mv: tiedoston ‚Äù/home/fuksi/Dev/LinuxFundamentals2016/Week5/hipstafy-dropbox/to_be_hipstafied/*-hipstah.jpg‚Äù tilaa ei voi lukea: Tiedostoa tai hakemistoa ei ole
mv: tiedoston ‚Äù/home/fuksi/Dev/LinuxFundamentals2016/Week5/hipstafy-dropbox/to_be_hipstafied/*-hipstah.jpg‚Äù tilaa ei voi lukea: Tiedostoa tai hakemistoa ei ole
mv: tiedoston ‚Äù/home/fuksi/Dev/LinuxFundamentals2016/Week5/hipstafy-dropbox/to_be_hipstafied/*-hipstah.jpg‚Äù tilaa ei voi lukea: Tiedostoa tai hakemistoa ei ole
mv: tiedoston ‚Äù/home/fuksi/Dev/LinuxFundamentals2016/Week5/hipstafy-dropbox/to_be_hipstafied/watch-your-thoughts__62381.1429316292.400.650-hipstah.jpg‚Äù tilaa ei voi lukea: Tiedostoa tai hakemistoa ei ole
mv: tiedoston ‚Äù/home/fuksi/Dev/LinuxFundamentals2016/Week5/hipstafy-dropbox/to_be_hipstafied/*-hipstah.jpg‚Äù tilaa ei voi lukea: Tiedostoa tai hakemistoa ei ole
mv: tiedoston ‚Äù/home/fuksi/Dev/LinuxFundamentals2016/Week5/hipstafy-dropbox/to_be_hipstafied/*-hipstah.jpg‚Äù tilaa ei voi lukea: Tiedostoa tai hakemistoa ei ole
mv: tiedoston ‚Äù/home/fuksi/Dev/LinuxFundamentals2016/Week5/hipstafy-dropbox/to_be_hipstafied/*-hipstah.jpg‚Äù tilaa ei voi lukea: Tiedostoa tai hakemistoa ei ole
Setting up watches.
Watches established.
mv: tiedoston ‚Äù/home/fuksi/Dev/LinuxFundamentals2016/Week5/hipstafy-dropbox/watch-your-thoughts__62381.1429316292.400.650.jpg‚Äù tilaa ei voi lukea: Tiedostoa tai hakemistoa ei ole
mv: tiedoston ‚Äù/home/fuksi/Dev/LinuxFundamentals2016/Week5/hipstafy-dropbox/*.jpg‚Äù tilaa ei voi lukea: Tiedostoa tai hakemistoa ei ole
./hipstafy-wait.sh: rivi 9: hipstafy-dropbox/: On hakemisto
mv: tiedoston ‚Äù/home/fuksi/Dev/LinuxFundamentals2016/Week5/hipstafy-dropbox/*.jpg‚Äù tilaa ei voi lukea: Tiedostoa tai hakemistoa ei ole
./hipstafy-wait.sh: rivi 9: -f: komentoa ei l√∂ydy
./hipstafy-wait.sh: rivi 9: -f: komentoa ei l√∂ydy
mv: tiedoston ‚Äù/home/fuksi/Dev/LinuxFundamentals2016/Week5/hipstafy-dropbox/*.jpg‚Äù tilaa ei voi lukea: Tiedostoa tai hakemistoa ei ole
./hipstafy-wait.sh: rivi 9: hipstafy-dropbox/ MOVED_TO watch-your-thoughts__62381.1429316292.400.650.jpg: Tiedostoa tai hakemistoa ei ole
mv: tiedoston ‚Äù/home/fuksi/Dev/LinuxFundamentals2016/Week5/hipstafy-dropbox/*.jpg‚Äù tilaa ei voi lukea: Tiedostoa tai hakemistoa ei ole
mv: tiedoston ‚Äù/home/fuksi/Dev/LinuxFundamentals2016/Week5/hipstafy-dropbox/*.jpg‚Äù tilaa ei voi lukea: Tiedostoa tai hakemistoa ei ole
mv: tiedoston ‚Äù/home/fuksi/Dev/LinuxFundamentals2016/Week5/hipstafy-dropbox/*.jpg‚Äù tilaa ei voi lukea: Tiedostoa tai hakemistoa ei ole
mv: tiedoston ‚Äù/home/fuksi/Dev/LinuxFundamentals2016/Week5/hipstafy-dropbox/*.jpg‚Äù tilaa ei voi lukea: Tiedostoa tai hakemistoa ei ole
mv: tiedoston ‚Äù/home/fuksi/Dev/LinuxFundamentals2016/Week5/hipstafy-dropbox/*.jpg‚Äù tilaa ei voi lukea: Tiedostoa tai hakemistoa ei ole
mv: tiedoston ‚Äù/home/fuksi/Dev/LinuxFundamentals2016/Week5/hipstafy-dropbox/*.jpg‚Äù tilaa ei voi lukea: Tiedostoa tai hakemistoa ei ole
mv: tiedoston ‚Äù/home/fuksi/Dev/LinuxFundamentals2016/Week5/hipstafy-dropbox/*.jpg‚Äù tilaa ei voi lukea: Tiedostoa tai hakemistoa ei ole
mv: tiedoston ‚Äù/home/fuksi/Dev/LinuxFundamentals2016/Week5/hipstafy-dropbox/*.jpg‚Äù tilaa ei voi lukea: Tiedostoa tai hakemistoa ei ole
mv: tiedoston ‚Äù/home/fuksi/Dev/LinuxFundamentals2016/Week5/hipstafy-dropbox/to_be_hipstafied/*-hipstah.jpg‚Äù tilaa ei voi lukea: Tiedostoa tai hakemistoa ei ole
mv: tiedoston ‚Äù/home/fuksi/Dev/LinuxFundamentals2016/Week5/hipstafy-dropbox/to_be_hipstafied/*-hipstah.jpg‚Äù tilaa ei voi lukea: Tiedostoa tai hakemistoa ei ole
mv: tiedoston ‚Äù/home/fuksi/Dev/LinuxFundamentals2016/Week5/hipstafy-dropbox/to_be_hipstafied/*-hipstah.jpg‚Äù tilaa ei voi lukea: Tiedostoa tai hakemistoa ei ole
mv: tiedoston ‚Äù/home/fuksi/Dev/LinuxFundamentals2016/Week5/hipstafy-dropbox/to_be_hipstafied/*-hipstah.jpg‚Äù tilaa ei voi lukea: Tiedostoa tai hakemistoa ei ole
mv: tiedoston ‚Äù/home/fuksi/Dev/LinuxFundamentals2016/Week5/hipstafy-dropbox/to_be_hipstafied/*-hipstah.jpg‚Äù tilaa ei voi lukea: Tiedostoa tai hakemistoa ei ole
mv: tiedoston ‚Äù/home/fuksi/Dev/LinuxFundamentals2016/Week5/hipstafy-dropbox/to_be_hipstafied/*-hipstah.jpg‚Äù tilaa ei voi lukea: Tiedostoa tai hakemistoa ei ole
